<?xml version="1.0" encoding="UTF-8"?>
<!-- Generated by org.testng.reporters.JUnitReportReporter -->
<testsuite hostname="PavanKaparthi" failures="0" tests="3" name="testcases.TestClass2" time="0.012" errors="0" timestamp="2024-02-24T07:59:24 IST" skipped="0">
  <testcase classname="testcases.TestClass2" name="testCase_006" time="0.005"/>
  <system-out/>
  <testcase classname="testcases.TestClass2" name="testCase_004" time="0.002"/>
  <system-out/>
  <testcase classname="testcases.TestClass2" name="testCase_005" time="0.005"/>
  <system-out/>
</testsuite> <!-- testcases.TestClass2 -->
