<?xml version="1.0" encoding="UTF-8"?>
<!-- Generated by org.testng.reporters.JUnitReportReporter -->
<testsuite hostname="PavanKaparthi" failures="0" tests="3" name="testcases.TestClass3" time="0.006" errors="0" timestamp="2024-02-24T07:59:24 IST" skipped="0">
  <testcase classname="testcases.TestClass3" name="testCase_007" time="0.004"/>
  <system-out/>
  <testcase classname="testcases.TestClass3" name="testCase_009" time="0.001"/>
  <system-out/>
  <testcase classname="testcases.TestClass3" name="testCase_008" time="0.001"/>
  <system-out/>
</testsuite> <!-- testcases.TestClass3 -->
